# JRE version: OpenJDK Runtime Environment (17.0.7) (build 17.0.7+0-b2043.56-10550314)
# Java VM: OpenJDK 64-Bit Server VM (17.0.7+0-b2043.56-10550314, mixed mode, tiered, compressed oops, compressed class ptrs, g1 gc, windows-amd64)
GC Precious Log:
 CPUs: 20 total, 20 available
 Memory: 16110M
 Large Page Support: Disabled
 NUMA Support: Disabled
 Compressed Oops: Enabled (32-bit)
 Heap Region Size: 1M
 Heap Min Capacity: 8M
 Heap Initial Capacity: 252M
 Heap Max Capacity: 2G
 Pre-touch: Disabled
 Parallel Workers: 15
 Concurrent Workers: 4
 Concurrent Refinement Workers: 15
 Periodic GC: Disabled
Heap:
 garbage-first heap   total 258048K, used 129786K [0x0000000080000000, 0x0000000100000000)
  region size 1024K, 2 young (2048K), 2 survivors (2048K)
 Metaspace       used 114892K, committed 115776K, reserved 1179648K
  class space    used 15617K, committed 16064K, reserved 1048576K
GC Heap History (20 events):
Event: 11.681 GC heap after
{Heap after GC invocations=40 (full 0):
 garbage-first heap   total 174080K, used 110667K [0x0000000080000000, 0x0000000100000000)
  region size 1024K, 3 young (3072K), 3 survivors (3072K)
 Metaspace       used 108408K, committed 109056K, reserved 1179648K
  class space    used 14777K, committed 15104K, reserved 1048576K
}
Event: 11.917 GC heap before
{Heap before GC invocations=41 (full 0):
 garbage-first heap   total 201728K, used 143435K [0x0000000080000000, 0x0000000100000000)
  region size 1024K, 36 young (36864K), 3 survivors (3072K)
 Metaspace       used 108838K, committed 109568K, reserved 1179648K
  class space    used 14873K, committed 15232K, reserved 1048576K
}
Event: 11.921 GC heap after
{Heap after GC invocations=42 (full 0):
 garbage-first heap   total 201728K, used 112486K [0x0000000080000000, 0x0000000100000000)
  region size 1024K, 5 young (5120K), 5 survivors (5120K)
 Metaspace       used 108838K, committed 109568K, reserved 1179648K
  class space    used 14873K, committed 15232K, reserved 1048576K
}
Event: 11.961 GC heap before
{Heap before GC invocations=42 (full 0):
 garbage-first heap   total 201728K, used 115558K [0x0000000080000000, 0x0000000100000000)
  region size 1024K, 9 young (9216K), 5 survivors (5120K)
 Metaspace       used 108876K, committed 109632K, reserved 1179648K
  class space    used 14874K, committed 15232K, reserved 1048576K
}
Event: 11.963 GC heap after
{Heap after GC invocations=43 (full 0):
 garbage-first heap   total 201728K, used 112767K [0x0000000080000000, 0x0000000100000000)
  region size 1024K, 1 young (1024K), 1 survivors (1024K)
 Metaspace       used 108876K, committed 109632K, reserved 1179648K
  class space    used 14874K, committed 15232K, reserved 1048576K
}
Event: 12.255 GC heap before
{Heap before GC invocations=43 (full 0):
 garbage-first heap   total 201728K, used 161919K [0x0000000080000000, 0x0000000100000000)
  region size 1024K, 50 young (51200K), 1 survivors (1024K)
 Metaspace       used 109397K, committed 110144K, reserved 1179648K
  class space    used 14912K, committed 15296K, reserved 1048576K
}
Event: 12.258 GC heap after
{Heap after GC invocations=44 (full 0):
 garbage-first heap   total 201728K, used 115822K [0x0000000080000000, 0x0000000100000000)
  region size 1024K, 4 young (4096K), 4 survivors (4096K)
 Metaspace       used 109397K, committed 110144K, reserved 1179648K
  class space    used 14912K, committed 15296K, reserved 1048576K
}
Event: 12.538 GC heap before
{Heap before GC invocations=45 (full 0):
 garbage-first heap   total 215040K, used 163950K [0x0000000080000000, 0x0000000100000000)
  region size 1024K, 52 young (53248K), 4 survivors (4096K)
 Metaspace       used 109801K, committed 110592K, reserved 1179648K
  class space    used 14959K, committed 15360K, reserved 1048576K
}
Event: 12.542 GC heap after
{Heap after GC invocations=46 (full 0):
 garbage-first heap   total 215040K, used 119317K [0x0000000080000000, 0x0000000100000000)
  region size 1024K, 7 young (7168K), 7 survivors (7168K)
 Metaspace       used 109801K, committed 110592K, reserved 1179648K
  class space    used 14959K, committed 15360K, reserved 1048576K
}
Event: 12.545 GC heap before
{Heap before GC invocations=46 (full 0):
 garbage-first heap   total 215040K, used 121365K [0x0000000080000000, 0x0000000100000000)
  region size 1024K, 10 young (10240K), 7 survivors (7168K)
 Metaspace       used 109801K, committed 110592K, reserved 1179648K
  class space    used 14959K, committed 15360K, reserved 1048576K
}
Event: 12.548 GC heap after
{Heap after GC invocations=47 (full 0):
 garbage-first heap   total 215040K, used 119737K [0x0000000080000000, 0x0000000100000000)
  region size 1024K, 2 young (2048K), 2 survivors (2048K)
 Metaspace       used 109801K, committed 110592K, reserved 1179648K
  class space    used 14959K, committed 15360K, reserved 1048576K
}
Event: 13.122 GC heap before
{Heap before GC invocations=47 (full 0):
 garbage-first heap   total 215040K, used 175033K [0x0000000080000000, 0x0000000100000000)
  region size 1024K, 57 young (58368K), 2 survivors (2048K)
 Metaspace       used 112938K, committed 113664K, reserved 1179648K
  class space    used 15358K, committed 15744K, reserved 1048576K
}
Event: 13.126 GC heap after
{Heap after GC invocations=48 (full 0):
 garbage-first heap   total 215040K, used 123310K [0x0000000080000000, 0x0000000100000000)
  region size 1024K, 5 young (5120K), 5 survivors (5120K)
 Metaspace       used 112938K, committed 113664K, reserved 1179648K
  class space    used 15358K, committed 15744K, reserved 1048576K
}
Event: 16.241 GC heap before
{Heap before GC invocations=48 (full 0):
 garbage-first heap   total 215040K, used 176558K [0x0000000080000000, 0x0000000100000000)
  region size 1024K, 58 young (59392K), 5 survivors (5120K)
 Metaspace       used 114061K, committed 114880K, reserved 1179648K
  class space    used 15528K, committed 15936K, reserved 1048576K
}
Event: 16.244 GC heap after
{Heap after GC invocations=49 (full 0):
 garbage-first heap   total 215040K, used 126568K [0x0000000080000000, 0x0000000100000000)
  region size 1024K, 4 young (4096K), 4 survivors (4096K)
 Metaspace       used 114061K, committed 114880K, reserved 1179648K
  class space    used 15528K, committed 15936K, reserved 1048576K
}
Event: 16.585 GC heap before
{Heap before GC invocations=49 (full 0):
 garbage-first heap   total 215040K, used 177768K [0x0000000080000000, 0x0000000100000000)
  region size 1024K, 55 young (56320K), 4 survivors (4096K)
 Metaspace       used 114800K, committed 115584K, reserved 1179648K
  class space    used 15601K, committed 16000K, reserved 1048576K
}
Event: 16.588 GC heap after
{Heap after GC invocations=50 (full 0):
 garbage-first heap   total 215040K, used 127861K [0x0000000080000000, 0x0000000100000000)
  region size 1024K, 5 young (5120K), 5 survivors (5120K)
 Metaspace       used 114800K, committed 115584K, reserved 1179648K
  class space    used 15601K, committed 16000K, reserved 1048576K
}
Event: 16.694 GC heap before
{Heap before GC invocations=50 (full 0):
 garbage-first heap   total 215040K, used 180085K [0x0000000080000000, 0x0000000100000000)
  region size 1024K, 57 young (58368K), 5 survivors (5120K)
 Metaspace       used 114867K, committed 115776K, reserved 1179648K
  class space    used 15609K, committed 16064K, reserved 1048576K
}
Event: 16.696 GC heap after
{Heap after GC invocations=51 (full 0):
 garbage-first heap   total 215040K, used 127188K [0x0000000080000000, 0x0000000100000000)
  region size 1024K, 1 young (1024K), 1 survivors (1024K)
 Metaspace       used 114867K, committed 115776K, reserved 1179648K
  class space    used 15609K, committed 16064K, reserved 1048576K
}
Event: 16.877 GC heap before
{Heap before GC invocations=51 (full 0):
 garbage-first heap   total 215040K, used 184532K [0x0000000080000000, 0x0000000100000000)
  region size 1024K, 56 young (57344K), 1 survivors (1024K)
 Metaspace       used 114892K, committed 115776K, reserved 1179648K
  class space    used 15617K, committed 16064K, reserved 1048576K
}

